<?xml version="1.0" encoding="UTF-8"?>
<!-- Generated by org.testng.reporters.JUnitReportReporter -->
<testsuite hostname="Rhucha" failures="0" tests="1" name="com.search.tests.FlipkartSearchTest" time="14.405" errors="0" timestamp="2025-07-02T19:58:32 IST" skipped="0">
  <testcase classname="com.search.tests.FlipkartSearchTest" name="testValidSearch" time="14.405"/>
</testsuite> <!-- com.search.tests.FlipkartSearchTest -->
