<?xml version="1.0" encoding="UTF-8"?>
<!-- Generated by org.testng.reporters.JUnitReportReporter -->
<testsuite hostname="Rhucha" failures="0" tests="1" name="com.search.tests.SearchTest" time="17.955" errors="0" timestamp="2025-07-02T20:02:30 IST" skipped="0">
  <testcase classname="com.search.tests.SearchTest" name="testValidSearch" time="17.955"/>
</testsuite> <!-- com.search.tests.SearchTest -->
