<?xml version="1.0" encoding="UTF-8"?>
<!-- Generated by org.testng.reporters.JUnitReportReporter -->
<testsuite hostname="Rhucha" failures="0" tests="5" name="com.form.tests.FormTest" time="35.509" errors="0" timestamp="2025-06-30T19:19:21 IST" skipped="0">
  <testcase classname="com.form.tests.FormTest" name="validateFormWithInvalidDOB" time="8.803"/>
  <testcase classname="com.form.tests.FormTest" name="validateFormWithInvalidEmail" time="6.449"/>
  <testcase classname="com.form.tests.FormTest" name="validateFormWithInvalidPhone" time="5.538"/>
  <testcase classname="com.form.tests.FormTest" name="validateFormWithInvalidPostal" time="7.277"/>
  <testcase classname="com.form.tests.FormTest" name="testValidFormSubmission" time="7.442"/>
</testsuite> <!-- com.form.tests.FormTest -->
