<?xml version="1.0" encoding="UTF-8"?>
<!-- Generated by org.testng.reporters.JUnitReportReporter -->
<testsuite hostname="Rhucha" failures="0" tests="5" name="com.link.tests.NavigationTest" time="96.087" errors="0" timestamp="2025-07-01T18:27:41 IST" skipped="0">
  <testcase classname="com.link.tests.NavigationTest" name="testContactLink" time="20.948"/>
  <testcase classname="com.link.tests.NavigationTest" name="testPatientsLink" time="15.462"/>
  <testcase classname="com.link.tests.NavigationTest" name="testAboutLink" time="13.829"/>
  <testcase classname="com.link.tests.NavigationTest" name="testHomeLink" time="29.895"/>
  <testcase classname="com.link.tests.NavigationTest" name="testServicesLink" time="15.953"/>
</testsuite> <!-- com.link.tests.NavigationTest -->
